[Done]
1020_031747.4735=End to (None)
1031_001328.3729=End to (None)
1110_020454.6406=End to (None)
1118_085848.2803=End to (None)
1119_233324.1071=End to (None)
1124_011855.0282=End to (None)
1202_110534.4847=End to (None)
1218_221149.2195=End to (None)
0110_230938.5345=End to (None)
0113_030612.7689=End to (None)
0123_023422.5222=End to (None)
0218_231027.9249=End to (None)
[LastLog]
Action=None
Key=0218_231053.8730
[None]
1020_031747.4768=Begin from (Done)
1020_044422.5429=End to (Off)
1031_001328.3769=Begin from (Done)
1031_001348.9456=End to (Off)
1110_020454.6447=Begin from (Done)
1110_020515.3407=End to (Off)
1118_085848.2852=Begin from (Done)
1118_085911.9509=End to (Off)
1119_233324.1095=Begin from (Done)
1119_233346.2729=End to (Off)
1124_011855.0342=Begin from (Done)
1124_011915.6221=End to (Off)
1202_110534.4888=Begin from (Done)
1202_110559.0817=End to (Off)
1218_221149.2234=Begin from (Done)
1218_221211.3379=End to (Off)
0110_230938.5421=Begin from (Done)
0110_231002.2606=End to (Off)
0113_030612.7840=Begin from (Done)
0113_030633.4502=End to (Off)
0123_023422.5277=Begin from (Done)
0123_023443.3348=End to (Off)
0218_231027.9594=Begin from (Done)
0218_231053.8730=End to (Off)
